
foo.elf:     file format elf32-littlearm


Disassembly of section .text:

00000000 <vector_table>:
   0:	20001000 	andcs	r1, r0, r0
   4:	00000199 	muleq	r0, r9, r1
	...

00000198 <reset_handler>:
    .section .text
    .align 1
    .type reset_handler, %function

reset_handler:
    mov r1, #7  // # immidiate value , if # followed by hexa decimal value it is address , if decimal its a number
 198:	2107      	movs	r1, #7
    mov r2, #3
 19a:	2203      	movs	r2, #3

    push {r1, r2} // first push r2 and then r1 on the stack
 19c:	b406      	push	{r1, r2}

    // add another value on the registers
    mov r1, #5
 19e:	2105      	movs	r1, #5
    mov r2, #5
 1a0:	2205      	movs	r2, #5

    pop {r2, r1} //
 1a2:	bc06      	pop	{r1, r2}

 1a4:	e7fe      	b.n	1a4 <reset_handler+0xc>

Disassembly of section .ARM.attributes:

00000000 <.ARM.attributes>:
   0:	00002041 	andeq	r2, r0, r1, asr #32
   4:	61656100 	cmnvs	r5, r0, lsl #2
   8:	01006962 	tsteq	r0, r2, ror #18
   c:	00000016 	andeq	r0, r0, r6, lsl r0
  10:	726f4305 	rsbvc	r4, pc, #335544320	; 0x14000000
  14:	2d786574 	cfldr64cs	mvdx6, [r8, #-464]!	; 0xfffffe30
  18:	0600334d 	streq	r3, [r0], -sp, asr #6
  1c:	094d070a 	stmdbeq	sp, {r1, r3, r8, r9, sl}^
  20:	Address 0x0000000000000020 is out of bounds.


Disassembly of section .debug_line:

00000000 <.debug_line>:
   0:	00000037 	andeq	r0, r0, r7, lsr r0
   4:	001c0003 	andseq	r0, ip, r3
   8:	01020000 	mrseq	r0, (UNDEF: 2)
   c:	000d0efb 	strdeq	r0, [sp], -fp
  10:	01010101 	tsteq	r1, r1, lsl #2
  14:	01000000 	mrseq	r0, (UNDEF: 0)
  18:	00010000 	andeq	r0, r1, r0
  1c:	2e6f6f66 	cdpcs	15, 6, cr6, cr15, cr6, {3}
  20:	00000053 	andeq	r0, r0, r3, asr r0
  24:	05000000 	streq	r0, [r0, #-0]
  28:	00019802 	andeq	r9, r1, r2, lsl #16
  2c:	010b0300 	mrseq	r0, (UNDEF: 59)
  30:	21232221 			; <UNDEFINED> instruction: 0x21232221
  34:	01022222 	tsteq	r2, r2, lsr #4
  38:	Address 0x0000000000000038 is out of bounds.


Disassembly of section .debug_info:

00000000 <.debug_info>:
   0:	00000022 	andeq	r0, r0, r2, lsr #32
   4:	00000002 	andeq	r0, r0, r2
   8:	01040000 	mrseq	r0, (UNDEF: 4)
   c:	00000000 	andeq	r0, r0, r0
  10:	00000198 	muleq	r0, r8, r1
  14:	000001a6 	andeq	r0, r0, r6, lsr #3
  18:	00000000 	andeq	r0, r0, r0
  1c:	00000006 	andeq	r0, r0, r6
  20:	0000004a 	andeq	r0, r0, sl, asr #32
  24:	Address 0x0000000000000024 is out of bounds.


Disassembly of section .debug_abbrev:

00000000 <.debug_abbrev>:
   0:	10001101 	andne	r1, r0, r1, lsl #2
   4:	12011106 	andne	r1, r1, #-2147483647	; 0x80000001
   8:	1b0e0301 	blne	380c14 <reset_handler+0x380a7c>
   c:	130e250e 	movwne	r2, #58638	; 0xe50e
  10:	00000005 	andeq	r0, r0, r5

Disassembly of section .debug_aranges:

00000000 <.debug_aranges>:
   0:	0000001c 	andeq	r0, r0, ip, lsl r0
   4:	00000002 	andeq	r0, r0, r2
   8:	00040000 	andeq	r0, r4, r0
   c:	00000000 	andeq	r0, r0, r0
  10:	00000198 	muleq	r0, r8, r1
  14:	0000000e 	andeq	r0, r0, lr
	...

Disassembly of section .debug_str:

00000000 <.debug_str>:
   0:	2e6f6f66 	cdpcs	15, 6, cr6, cr15, cr6, {3}
   4:	772f0053 			; <UNDEFINED> instruction: 0x772f0053
   8:	736b726f 	cmnvc	fp, #-268435450	; 0xf0000006
   c:	65636170 	strbvs	r6, [r3, #-368]!	; 0xfffffe90
  10:	72612f73 	rsbvc	r2, r1, #460	; 0x1cc
  14:	2d6d2d6d 	stclcs	13, cr2, [sp, #-436]!	; 0xfffffe4c
  18:	65737361 	ldrbvs	r7, [r3, #-865]!	; 0xfffffc9f
  1c:	796c626d 	stmdbvc	ip!, {r0, r2, r3, r5, r6, r9, sp, lr}^
  20:	6863732d 	stmdavs	r3!, {r0, r2, r3, r5, r8, r9, ip, sp, lr}^
  24:	6c756465 	cfldrdvs	mvd6, [r5], #-404	; 0xfffffe6c
  28:	642d7261 	strtvs	r7, [sp], #-609	; 0xfffffd9f
  2c:	67697365 	strbvs	r7, [r9, -r5, ror #6]!
  30:	5f332f6e 	svcpl	0x00332f6e
  34:	735f336d 	cmpvc	pc, #-1275068415	; 0xb4000001
  38:	6b636174 	blvs	18d8610 <reset_handler+0x18d8478>
  3c:	6e616d5f 	mcrvs	13, 3, r6, cr1, cr15, {2}
  40:	6c757069 	ldclvs	0, cr7, [r5], #-420	; 0xfffffe5c
  44:	6f697461 	svcvs	0x00697461
  48:	4e47006e 	cdpmi	0, 4, cr0, cr7, cr14, {3}
  4c:	53412055 	movtpl	r2, #4181	; 0x1055
  50:	332e3220 			; <UNDEFINED> instruction: 0x332e3220
  54:	Address 0x0000000000000054 is out of bounds.

